[debug] [2017-10-26T12:42:04.218Z] ----------------------------------------------------------------------
[debug] [2017-10-26T12:42:04.218Z] Command:       C:\Program Files\nodejs\node.exe C:\Users\Alex\AppData\Roaming\npm\node_modules\firebase-tools\bin\firebase deploy
[debug] [2017-10-26T12:42:04.234Z] CLI Version:   3.13.1
[debug] [2017-10-26T12:42:04.234Z] Platform:      win32
[debug] [2017-10-26T12:42:04.234Z] Node Version:  v6.9.2
[debug] [2017-10-26T12:42:04.234Z] Time:          Thu Oct 26 2017 08:42:04 GMT-0400 (Eastern Daylight Time)
[debug] [2017-10-26T12:42:04.234Z] ----------------------------------------------------------------------
[debug] 
[debug] [2017-10-26T12:42:04.296Z] > command requires scopes: ["email","openid","https://www.googleapis.com/auth/cloudplatformprojects.readonly","https://www.googleapis.com/auth/firebase","https://www.googleapis.com/auth/cloud-platform"]
[debug] [2017-10-26T12:42:04.296Z] > authorizing via signed-in user
[debug] [2017-10-26T12:42:04.296Z] >>> HTTP REQUEST GET https://admin.firebase.com/v1/projects/trainscheduler-a018d  
 Thu Oct 26 2017 08:42:04 GMT-0400 (Eastern Daylight Time)
[debug] [2017-10-26T12:42:04.705Z] <<< HTTP RESPONSE 200
[debug] [2017-10-26T12:42:04.705Z] >>> HTTP REQUEST GET https://admin.firebase.com/v1/database/trainscheduler-a018d/tokens  
 Thu Oct 26 2017 08:42:04 GMT-0400 (Eastern Daylight Time)
[debug] [2017-10-26T12:42:05.091Z] <<< HTTP RESPONSE 200
[info] 3
[info] 
[info] === Deploying to 'trainscheduler-a018d'...
[info] 
[info] i  deploying database, functions, hosting
[info] i  database: checking rules syntax...
[debug] [2017-10-26T12:42:05.732Z] >>> HTTP REQUEST PUT https://trainscheduler-a018d.firebaseio.com/.settings/rules.json?dryRun=true {
  "rules": {
    ".read": true,
    ".write": true
  }
}
 
 Thu Oct 26 2017 08:42:05 GMT-0400 (Eastern Daylight Time)
[debug] [2017-10-26T12:42:06.160Z] <<< HTTP RESPONSE 200
[info] +  database: rules syntax is valid
[debug] [2017-10-26T12:42:06.160Z] > [functions] package.json contents: {
  "name": "functions",
  "description": "Cloud Functions for Firebase",
  "dependencies": {
    "firebase-admin": "~5.2.1",
    "firebase-functions": "^0.6.2"
  },
  "private": true
}
[info] i  functions: ensuring necessary APIs are enabled...
[info] i  runtimeconfig: ensuring necessary APIs are enabled...
[debug] [2017-10-26T12:42:06.160Z] >>> HTTP REQUEST GET https://servicemanagement.googleapis.com/v1/services/cloudfunctions.googleapis.com/projectSettings/trainscheduler-a018d?view=CONSUMER_VIEW  
 Thu Oct 26 2017 08:42:06 GMT-0400 (Eastern Daylight Time)
[debug] [2017-10-26T12:42:06.176Z] >>> HTTP REQUEST GET https://servicemanagement.googleapis.com/v1/services/runtimeconfig.googleapis.com/projectSettings/trainscheduler-a018d?view=CONSUMER_VIEW  
 Thu Oct 26 2017 08:42:06 GMT-0400 (Eastern Daylight Time)
[debug] [2017-10-26T12:42:06.582Z] <<< HTTP RESPONSE 200
[info] +  runtimeconfig: all necessary APIs are enabled
[debug] [2017-10-26T12:42:06.629Z] <<< HTTP RESPONSE 200
[info] +  functions: all necessary APIs are enabled
[debug] [2017-10-26T12:42:06.629Z] >>> HTTP REQUEST GET https://appengine.googleapis.com/v1/apps/trainscheduler-a018d  
 Thu Oct 26 2017 08:42:06 GMT-0400 (Eastern Daylight Time)
[debug] [2017-10-26T12:42:06.629Z] >>> HTTP REQUEST GET https://apikeys.googleapis.com/v1/projects/trainscheduler-a018d/apiKeys  
 Thu Oct 26 2017 08:42:06 GMT-0400 (Eastern Daylight Time)
[debug] [2017-10-26T12:42:06.801Z] <<< HTTP RESPONSE 200
[debug] [2017-10-26T12:42:07.067Z] <<< HTTP RESPONSE 200
